Product projects
---------------------------------------
C:\Users\Matthieu\source\repos\HeroBot-deux-point-zéro\HeroBot.Common\HeroBot.Common.csproj
C:\Users\Matthieu\source\repos\HeroBot-deux-point-zéro\Herobot.Plugins.Example\Herobot.Plugins.Example.csproj
C:\Users\Matthieu\source\repos\HeroBot-deux-point-zéro\HeroBot.Plugins.Music\HeroBot.Plugins.Music.csproj
C:\Users\Matthieu\source\repos\HeroBot-deux-point-zéro\HeroBot.Plugins.RP\HeroBot.Plugins.RP.csproj
C:\Users\Matthieu\source\repos\HeroBot-deux-point-zéro\HeroBot.Plugins.RemindMe\HeroBot.Plugins.RemindMe.csproj
C:\Users\Matthieu\source\repos\HeroBot-deux-point-zéro\HeroBot.Plugins.GiveAway\HeroBot.Plugins.GiveAway.csproj
C:\Users\Matthieu\source\repos\HeroBot-deux-point-zéro\HeroBot.Plugins.Mod\HeroBot.Plugins.Mod.csproj
C:\Users\Matthieu\source\repos\HeroBot-deux-point-zéro\HeroBot.Core\HeroBot.Core.csproj
C:\Users\Matthieu\source\repos\HeroBot-deux-point-zéro\HeroBot.Plugins.HeroBot\HeroBot.Plugins.HeroBot.csproj
C:\Users\Matthieu\source\repos\HeroBot-deux-point-zéro\HeroBot.Plugins.DevTools\HeroBot.Plugins.DevTools.csproj
C:\Users\Matthieu\source\repos\HeroBot-deux-point-zéro\HeroBot.Plugins.Images\HeroBot.Plugins.Images.csproj


Test projects
---------------------------------------


Invalid projects
---------------------------------------
{none}


Skipped projects
---------------------------------------
{none}


Excluded projects
---------------------------------------
{none}


